This is pdfTeX, Version 3.14159265-2.6-1.40.21 (TeX Live 2020) (preloaded format=pdflatex 2020.10.16)  26 OCT 2020 22:30
entering extended mode
 restricted \write18 enabled.
 file:line:error style messages enabled.
 %&-line parsing enabled.
**liquidity.tex
(./liquidity.tex
LaTeX2e <2020-02-02> patch level 5
L3 programming layer <2020-03-06>
(/usr/local/texlive/2020basic/texmf-dist/tex/latex/etex-pkg/etex.sty
Package: etex 2016/08/01 v2.7 eTeX basic definition package (PEB,DPC)
\et@xins=\count167
)
(/usr/local/texlive/2020basic/texmf-dist/tex/latex/base/article.cls
Document Class: article 2019/12/20 v1.4l Standard LaTeX document class
(/usr/local/texlive/2020basic/texmf-dist/tex/latex/base/size12.clo
File: size12.clo 2019/12/20 v1.4l Standard LaTeX file (size option)
)
\c@part=\count168
\c@section=\count169
\c@subsection=\count170
\c@subsubsection=\count171
\c@paragraph=\count172
\c@subparagraph=\count173
\c@figure=\count174
\c@table=\count175
\abovecaptionskip=\skip47
\belowcaptionskip=\skip48
\bibindent=\dimen134
)
(/usr/local/texlive/2020basic/texmf-dist/tex/latex/hyperref/hyperref.sty
Package: hyperref 2020/01/14 v7.00d Hypertext links for LaTeX

(/usr/local/texlive/2020basic/texmf-dist/tex/generic/ltxcmds/ltxcmds.sty
Package: ltxcmds 2019/12/15 v1.24 LaTeX kernel commands for general use (HO)
)
(/usr/local/texlive/2020basic/texmf-dist/tex/generic/iftex/iftex.sty
Package: iftex 2020/03/06 v1.0d TeX engine tests
)
(/usr/local/texlive/2020basic/texmf-dist/tex/latex/pdftexcmds/pdftexcmds.sty
Package: pdftexcmds 2019/11/24 v0.31 Utility functions of pdfTeX for LuaTeX (HO
)

(/usr/local/texlive/2020basic/texmf-dist/tex/generic/infwarerr/infwarerr.sty
Package: infwarerr 2019/12/03 v1.5 Providing info/warning/error messages (HO)
)
Package pdftexcmds Info: \pdf@primitive is available.
Package pdftexcmds Info: \pdf@ifprimitive is available.
Package pdftexcmds Info: \pdfdraftmode found.
)
(/usr/local/texlive/2020basic/texmf-dist/tex/latex/graphics/keyval.sty
Package: keyval 2014/10/28 v1.15 key=value parser (DPC)
\KV@toks@=\toks15
)
(/usr/local/texlive/2020basic/texmf-dist/tex/generic/kvsetkeys/kvsetkeys.sty
Package: kvsetkeys 2019/12/15 v1.18 Key value parser (HO)
)
(/usr/local/texlive/2020basic/texmf-dist/tex/generic/kvdefinekeys/kvdefinekeys.
sty
Package: kvdefinekeys 2019-12-19 v1.6 Define keys (HO)
)
(/usr/local/texlive/2020basic/texmf-dist/tex/generic/pdfescape/pdfescape.sty
Package: pdfescape 2019/12/09 v1.15 Implements pdfTeX's escape features (HO)
)
(/usr/local/texlive/2020basic/texmf-dist/tex/latex/hycolor/hycolor.sty
Package: hycolor 2020-01-27 v1.10 Color options for hyperref/bookmark (HO)
)
(/usr/local/texlive/2020basic/texmf-dist/tex/latex/letltxmacro/letltxmacro.sty
Package: letltxmacro 2019/12/03 v1.6 Let assignment for LaTeX macros (HO)
) (/usr/local/texlive/2020basic/texmf-dist/tex/latex/auxhook/auxhook.sty
Package: auxhook 2019-12-17 v1.6 Hooks for auxiliary files (HO)
)
(/usr/local/texlive/2020basic/texmf-dist/tex/latex/kvoptions/kvoptions.sty
Package: kvoptions 2019/11/29 v3.13 Key value format for package options (HO)
)
\@linkdim=\dimen135
\Hy@linkcounter=\count176
\Hy@pagecounter=\count177

(/usr/local/texlive/2020basic/texmf-dist/tex/latex/hyperref/pd1enc.def
File: pd1enc.def 2020/01/14 v7.00d Hyperref: PDFDocEncoding definition (HO)
Now handling font encoding PD1 ...
... no UTF-8 mapping file for font encoding PD1
)
(/usr/local/texlive/2020basic/texmf-dist/tex/generic/intcalc/intcalc.sty
Package: intcalc 2019/12/15 v1.3 Expandable calculations with integers (HO)
)
(/usr/local/texlive/2020basic/texmf-dist/tex/generic/etexcmds/etexcmds.sty
Package: etexcmds 2019/12/15 v1.7 Avoid name clashes with e-TeX commands (HO)
)
\Hy@SavedSpaceFactor=\count178
Package hyperref Info: Hyper figures OFF on input line 4547.
Package hyperref Info: Link nesting OFF on input line 4552.
Package hyperref Info: Hyper index ON on input line 4555.
Package hyperref Info: Plain pages OFF on input line 4562.
Package hyperref Info: Backreferencing OFF on input line 4567.
Package hyperref Info: Implicit mode ON; LaTeX internals redefined.
Package hyperref Info: Bookmarks ON on input line 4800.
\c@Hy@tempcnt=\count179

(/usr/local/texlive/2020basic/texmf-dist/tex/latex/url/url.sty
\Urlmuskip=\muskip16
Package: url 2013/09/16  ver 3.4  Verb mode for urls, etc.
)
LaTeX Info: Redefining \url on input line 5159.
\XeTeXLinkMargin=\dimen136

(/usr/local/texlive/2020basic/texmf-dist/tex/generic/bitset/bitset.sty
Package: bitset 2019/12/09 v1.3 Handle bit-vector datatype (HO)

(/usr/local/texlive/2020basic/texmf-dist/tex/generic/bigintcalc/bigintcalc.sty
Package: bigintcalc 2019/12/15 v1.5 Expandable calculations on big integers (HO
)
))
\Fld@menulength=\count180
\Field@Width=\dimen137
\Fld@charsize=\dimen138
Package hyperref Info: Hyper figures OFF on input line 6430.
Package hyperref Info: Link nesting OFF on input line 6435.
Package hyperref Info: Hyper index ON on input line 6438.
Package hyperref Info: backreferencing OFF on input line 6445.
Package hyperref Info: Link coloring OFF on input line 6450.
Package hyperref Info: Link coloring with OCG OFF on input line 6455.
Package hyperref Info: PDF/A mode OFF on input line 6460.
LaTeX Info: Redefining \ref on input line 6500.
LaTeX Info: Redefining \pageref on input line 6504.
 (/usr/local/texlive/2020basic/texmf-dist/tex/generic/atbegshi/atbegshi.sty
Package: atbegshi 2019/12/05 v1.19 At begin shipout hook (HO)
)
\Hy@abspage=\count181
\c@Item=\count182
\c@Hfootnote=\count183
)
Package hyperref Info: Driver (autodetected): hpdftex.

(/usr/local/texlive/2020basic/texmf-dist/tex/latex/hyperref/hpdftex.def
File: hpdftex.def 2020/01/14 v7.00d Hyperref driver for pdfTeX

(/usr/local/texlive/2020basic/texmf-dist/tex/latex/atveryend/atveryend.sty
Package: atveryend 2019-12-11 v1.11 Hooks at the very end of document (HO)
Package atveryend Info: \enddocument detected (standard20110627).
)
\Fld@listcount=\count184
\c@bookmark@seq@number=\count185

(/usr/local/texlive/2020basic/texmf-dist/tex/latex/rerunfilecheck/rerunfilechec
k.sty
Package: rerunfilecheck 2019/12/05 v1.9 Rerun checks for auxiliary files (HO)

(/usr/local/texlive/2020basic/texmf-dist/tex/generic/uniquecounter/uniquecounte
r.sty
Package: uniquecounter 2019/12/15 v1.4 Provide unlimited unique counter (HO)
)
Package uniquecounter Info: New unique counter `rerunfilecheck' on input line 2
86.
)
\Hy@SectionHShift=\skip49
) (/usr/local/texlive/2020basic/texmf-dist/tex/latex/amscls/amsthm.sty
Package: amsthm 2017/10/31 v2.20.4
\thm@style=\toks16
\thm@bodyfont=\toks17
\thm@headfont=\toks18
\thm@notefont=\toks19
\thm@headpunct=\toks20
\thm@preskip=\skip50
\thm@postskip=\skip51
\thm@headsep=\skip52
\dth@everypar=\toks21
)
(/usr/local/texlive/2020basic/texmf-dist/tex/latex/amsfonts/amsfonts.sty
Package: amsfonts 2013/01/14 v3.01 Basic AMSFonts support
\@emptytoks=\toks22
\symAMSa=\mathgroup4
\symAMSb=\mathgroup5
LaTeX Font Info:    Redeclaring math symbol \hbar on input line 98.
LaTeX Font Info:    Overwriting math alphabet `\mathfrak' in version `bold'
(Font)                  U/euf/m/n --> U/euf/b/n on input line 106.
)
(/usr/local/texlive/2020basic/texmf-dist/tex/latex/amsmath/amsmath.sty
Package: amsmath 2020/01/20 v2.17e AMS math features
\@mathmargin=\skip53

For additional information on amsmath, use the `?' option.
(/usr/local/texlive/2020basic/texmf-dist/tex/latex/amsmath/amstext.sty
Package: amstext 2000/06/29 v2.01 AMS text

(/usr/local/texlive/2020basic/texmf-dist/tex/latex/amsmath/amsgen.sty
File: amsgen.sty 1999/11/30 v2.0 generic functions
\@emptytoks=\toks23
\ex@=\dimen139
))
(/usr/local/texlive/2020basic/texmf-dist/tex/latex/amsmath/amsbsy.sty
Package: amsbsy 1999/11/29 v1.2d Bold Symbols
\pmbraise@=\dimen140
)
(/usr/local/texlive/2020basic/texmf-dist/tex/latex/amsmath/amsopn.sty
Package: amsopn 2016/03/08 v2.02 operator names
)
\inf@bad=\count186
LaTeX Info: Redefining \frac on input line 227.
\uproot@=\count187
\leftroot@=\count188
LaTeX Info: Redefining \overline on input line 389.
\classnum@=\count189
\DOTSCASE@=\count190
LaTeX Info: Redefining \ldots on input line 486.
LaTeX Info: Redefining \dots on input line 489.
LaTeX Info: Redefining \cdots on input line 610.
\Mathstrutbox@=\box45
\strutbox@=\box46
\big@size=\dimen141
LaTeX Font Info:    Redeclaring font encoding OML on input line 733.
LaTeX Font Info:    Redeclaring font encoding OMS on input line 734.
\macc@depth=\count191
\c@MaxMatrixCols=\count192
\dotsspace@=\muskip17
\c@parentequation=\count193
\dspbrk@lvl=\count194
\tag@help=\toks24
\row@=\count195
\column@=\count196
\maxfields@=\count197
\andhelp@=\toks25
\eqnshift@=\dimen142
\alignsep@=\dimen143
\tagshift@=\dimen144
\tagwidth@=\dimen145
\totwidth@=\dimen146
\lineht@=\dimen147
\@envbody=\toks26
\multlinegap=\skip54
\multlinetaggap=\skip55
\mathdisplay@stack=\toks27
LaTeX Info: Redefining \[ on input line 2859.
LaTeX Info: Redefining \] on input line 2860.
)
(/usr/local/texlive/2020basic/texmf-dist/tex/latex/amsfonts/amssymb.sty
Package: amssymb 2013/01/14 v3.01 AMS font symbols
)
(/usr/local/texlive/2020basic/texmf-dist/tex/latex/listings/listings.sty
\lst@mode=\count198
\lst@gtempboxa=\box47
\lst@token=\toks28
\lst@length=\count199
\lst@currlwidth=\dimen148
Normal \count register pool exhausted, switching to extended pool.
\lst@column=\count277
\lst@pos=\count278
\lst@lostspace=\dimen149
\lst@width=\dimen150
\lst@newlines=\count279
\lst@lineno=\count280
\lst@maxwidth=\dimen151

(/usr/local/texlive/2020basic/texmf-dist/tex/latex/listings/lstmisc.sty
File: lstmisc.sty 2020/03/24 1.8d (Carsten Heinz)
\c@lstnumber=\count281
\lst@skipnumbers=\count282
\lst@framebox=\box48
)
(/usr/local/texlive/2020basic/texmf-dist/tex/latex/listings/listings.cfg
File: listings.cfg 2020/03/24 1.8d listings configuration
))
Package: listings 2020/03/24 1.8d (Carsten Heinz)

(/usr/local/texlive/2020basic/texmf-dist/tex/latex/pgf/basiclayer/pgfcore.sty
(/usr/local/texlive/2020basic/texmf-dist/tex/latex/graphics/graphicx.sty
Package: graphicx 2019/11/30 v1.2a Enhanced LaTeX Graphics (DPC,SPQR)

(/usr/local/texlive/2020basic/texmf-dist/tex/latex/graphics/graphics.sty
Package: graphics 2019/11/30 v1.4a Standard LaTeX Graphics (DPC,SPQR)

(/usr/local/texlive/2020basic/texmf-dist/tex/latex/graphics/trig.sty
Package: trig 2016/01/03 v1.10 sin cos tan (DPC)
)
(/usr/local/texlive/2020basic/texmf-dist/tex/latex/graphics-cfg/graphics.cfg
File: graphics.cfg 2016/06/04 v1.11 sample graphics configuration
)
Package graphics Info: Driver file: pdftex.def on input line 105.

(/usr/local/texlive/2020basic/texmf-dist/tex/latex/graphics-def/pdftex.def
File: pdftex.def 2018/01/08 v1.0l Graphics/color driver for pdftex
))
\Gin@req@height=\dimen152
\Gin@req@width=\dimen153
)
(/usr/local/texlive/2020basic/texmf-dist/tex/latex/pgf/systemlayer/pgfsys.sty
(/usr/local/texlive/2020basic/texmf-dist/tex/latex/pgf/utilities/pgfrcs.sty
(/usr/local/texlive/2020basic/texmf-dist/tex/generic/pgf/utilities/pgfutil-comm
on.tex
\pgfutil@everybye=\toks29
\pgfutil@tempdima=\dimen154
\pgfutil@tempdimb=\dimen155

(/usr/local/texlive/2020basic/texmf-dist/tex/generic/pgf/utilities/pgfutil-comm
on-lists.tex))
(/usr/local/texlive/2020basic/texmf-dist/tex/generic/pgf/utilities/pgfutil-late
x.def
\pgfutil@abb=\box49
 (/usr/local/texlive/2020basic/texmf-dist/tex/latex/ms/everyshi.sty
Package: everyshi 2001/05/15 v3.00 EveryShipout Package (MS)
))
(/usr/local/texlive/2020basic/texmf-dist/tex/generic/pgf/utilities/pgfrcs.code.
tex (/usr/local/texlive/2020basic/texmf-dist/tex/generic/pgf/pgf.revision.tex)
Package: pgfrcs 2020/01/08 v3.1.5b (3.1.5b)
))
(/usr/local/texlive/2020basic/texmf-dist/tex/generic/pgf/systemlayer/pgfsys.cod
e.tex
Package: pgfsys 2020/01/08 v3.1.5b (3.1.5b)

(/usr/local/texlive/2020basic/texmf-dist/tex/generic/pgf/utilities/pgfkeys.code
.tex
\pgfkeys@pathtoks=\toks30
\pgfkeys@temptoks=\toks31

(/usr/local/texlive/2020basic/texmf-dist/tex/generic/pgf/utilities/pgfkeysfilte
red.code.tex
\pgfkeys@tmptoks=\toks32
))
\pgf@x=\dimen156
\pgf@y=\dimen157
\pgf@xa=\dimen158
\pgf@ya=\dimen159
\pgf@xb=\dimen160
\pgf@yb=\dimen161
\pgf@xc=\dimen162
\pgf@yc=\dimen163
\pgf@xd=\dimen164
\pgf@yd=\dimen165
\w@pgf@writea=\write3
\r@pgf@reada=\read2
\c@pgf@counta=\count283
\c@pgf@countb=\count284
\c@pgf@countc=\count285
\c@pgf@countd=\count286
\t@pgf@toka=\toks33
\t@pgf@tokb=\toks34
\t@pgf@tokc=\toks35
\pgf@sys@id@count=\count287

(/usr/local/texlive/2020basic/texmf-dist/tex/generic/pgf/systemlayer/pgf.cfg
File: pgf.cfg 2020/01/08 v3.1.5b (3.1.5b)
)
Driver file for pgf: pgfsys-pdftex.def

(/usr/local/texlive/2020basic/texmf-dist/tex/generic/pgf/systemlayer/pgfsys-pdf
tex.def
File: pgfsys-pdftex.def 2020/01/08 v3.1.5b (3.1.5b)

(/usr/local/texlive/2020basic/texmf-dist/tex/generic/pgf/systemlayer/pgfsys-com
mon-pdf.def
File: pgfsys-common-pdf.def 2020/01/08 v3.1.5b (3.1.5b)
)))
(/usr/local/texlive/2020basic/texmf-dist/tex/generic/pgf/systemlayer/pgfsyssoft
path.code.tex
File: pgfsyssoftpath.code.tex 2020/01/08 v3.1.5b (3.1.5b)
\pgfsyssoftpath@smallbuffer@items=\count288
\pgfsyssoftpath@bigbuffer@items=\count289
)
(/usr/local/texlive/2020basic/texmf-dist/tex/generic/pgf/systemlayer/pgfsysprot
ocol.code.tex
File: pgfsysprotocol.code.tex 2020/01/08 v3.1.5b (3.1.5b)
))
(/usr/local/texlive/2020basic/texmf-dist/tex/latex/xcolor/xcolor.sty
Package: xcolor 2016/05/11 v2.12 LaTeX color extensions (UK)

(/usr/local/texlive/2020basic/texmf-dist/tex/latex/graphics-cfg/color.cfg
File: color.cfg 2016/01/02 v1.6 sample color configuration
)
Package xcolor Info: Driver file: pdftex.def on input line 225.
Package xcolor Info: Model `cmy' substituted by `cmy0' on input line 1348.
Package xcolor Info: Model `hsb' substituted by `rgb' on input line 1352.
Package xcolor Info: Model `RGB' extended on input line 1364.
Package xcolor Info: Model `HTML' substituted by `rgb' on input line 1366.
Package xcolor Info: Model `Hsb' substituted by `hsb' on input line 1367.
Package xcolor Info: Model `tHsb' substituted by `hsb' on input line 1368.
Package xcolor Info: Model `HSB' substituted by `hsb' on input line 1369.
Package xcolor Info: Model `Gray' substituted by `gray' on input line 1370.
Package xcolor Info: Model `wave' substituted by `hsb' on input line 1371.
)
(/usr/local/texlive/2020basic/texmf-dist/tex/generic/pgf/basiclayer/pgfcore.cod
e.tex
Package: pgfcore 2020/01/08 v3.1.5b (3.1.5b)

(/usr/local/texlive/2020basic/texmf-dist/tex/generic/pgf/math/pgfmath.code.tex
(/usr/local/texlive/2020basic/texmf-dist/tex/generic/pgf/math/pgfmathcalc.code.
tex
(/usr/local/texlive/2020basic/texmf-dist/tex/generic/pgf/math/pgfmathutil.code.
tex)
(/usr/local/texlive/2020basic/texmf-dist/tex/generic/pgf/math/pgfmathparser.cod
e.tex
\pgfmath@dimen=\dimen166
\pgfmath@count=\count290
\pgfmath@box=\box50
\pgfmath@toks=\toks36
\pgfmath@stack@operand=\toks37
\pgfmath@stack@operation=\toks38
)
(/usr/local/texlive/2020basic/texmf-dist/tex/generic/pgf/math/pgfmathfunctions.
code.tex
(/usr/local/texlive/2020basic/texmf-dist/tex/generic/pgf/math/pgfmathfunctions.
basic.code.tex)
(/usr/local/texlive/2020basic/texmf-dist/tex/generic/pgf/math/pgfmathfunctions.
trigonometric.code.tex)
(/usr/local/texlive/2020basic/texmf-dist/tex/generic/pgf/math/pgfmathfunctions.
random.code.tex)
(/usr/local/texlive/2020basic/texmf-dist/tex/generic/pgf/math/pgfmathfunctions.
comparison.code.tex)
(/usr/local/texlive/2020basic/texmf-dist/tex/generic/pgf/math/pgfmathfunctions.
base.code.tex)
(/usr/local/texlive/2020basic/texmf-dist/tex/generic/pgf/math/pgfmathfunctions.
round.code.tex)
(/usr/local/texlive/2020basic/texmf-dist/tex/generic/pgf/math/pgfmathfunctions.
misc.code.tex)
(/usr/local/texlive/2020basic/texmf-dist/tex/generic/pgf/math/pgfmathfunctions.
integerarithmetics.code.tex)))
(/usr/local/texlive/2020basic/texmf-dist/tex/generic/pgf/math/pgfmathfloat.code
.tex
\c@pgfmathroundto@lastzeros=\count291
))
(/usr/local/texlive/2020basic/texmf-dist/tex/generic/pgf/math/pgfint.code.tex)
(/usr/local/texlive/2020basic/texmf-dist/tex/generic/pgf/basiclayer/pgfcorepoin
ts.code.tex
File: pgfcorepoints.code.tex 2020/01/08 v3.1.5b (3.1.5b)
\pgf@picminx=\dimen167
\pgf@picmaxx=\dimen168
\pgf@picminy=\dimen169
\pgf@picmaxy=\dimen170
\pgf@pathminx=\dimen171
\pgf@pathmaxx=\dimen172
\pgf@pathminy=\dimen173
\pgf@pathmaxy=\dimen174
\pgf@xx=\dimen175
\pgf@xy=\dimen176
\pgf@yx=\dimen177
\pgf@yy=\dimen178
\pgf@zx=\dimen179
\pgf@zy=\dimen180
)
(/usr/local/texlive/2020basic/texmf-dist/tex/generic/pgf/basiclayer/pgfcorepath
construct.code.tex
File: pgfcorepathconstruct.code.tex 2020/01/08 v3.1.5b (3.1.5b)
\pgf@path@lastx=\dimen181
\pgf@path@lasty=\dimen182
)
(/usr/local/texlive/2020basic/texmf-dist/tex/generic/pgf/basiclayer/pgfcorepath
usage.code.tex
File: pgfcorepathusage.code.tex 2020/01/08 v3.1.5b (3.1.5b)
\pgf@shorten@end@additional=\dimen183
\pgf@shorten@start@additional=\dimen184
)
(/usr/local/texlive/2020basic/texmf-dist/tex/generic/pgf/basiclayer/pgfcorescop
es.code.tex
File: pgfcorescopes.code.tex 2020/01/08 v3.1.5b (3.1.5b)
\pgfpic=\box51
\pgf@hbox=\box52
\pgf@layerbox@main=\box53
\pgf@picture@serial@count=\count292
)
(/usr/local/texlive/2020basic/texmf-dist/tex/generic/pgf/basiclayer/pgfcoregrap
hicstate.code.tex
File: pgfcoregraphicstate.code.tex 2020/01/08 v3.1.5b (3.1.5b)
\pgflinewidth=\dimen185
)
(/usr/local/texlive/2020basic/texmf-dist/tex/generic/pgf/basiclayer/pgfcoretran
sformations.code.tex
File: pgfcoretransformations.code.tex 2020/01/08 v3.1.5b (3.1.5b)
\pgf@pt@x=\dimen186
\pgf@pt@y=\dimen187
\pgf@pt@temp=\dimen188
)
(/usr/local/texlive/2020basic/texmf-dist/tex/generic/pgf/basiclayer/pgfcorequic
k.code.tex
File: pgfcorequick.code.tex 2020/01/08 v3.1.5b (3.1.5b)
)
(/usr/local/texlive/2020basic/texmf-dist/tex/generic/pgf/basiclayer/pgfcoreobje
cts.code.tex
File: pgfcoreobjects.code.tex 2020/01/08 v3.1.5b (3.1.5b)
)
(/usr/local/texlive/2020basic/texmf-dist/tex/generic/pgf/basiclayer/pgfcorepath
processing.code.tex
File: pgfcorepathprocessing.code.tex 2020/01/08 v3.1.5b (3.1.5b)
)
(/usr/local/texlive/2020basic/texmf-dist/tex/generic/pgf/basiclayer/pgfcorearro
ws.code.tex
File: pgfcorearrows.code.tex 2020/01/08 v3.1.5b (3.1.5b)
\pgfarrowsep=\dimen189
)
(/usr/local/texlive/2020basic/texmf-dist/tex/generic/pgf/basiclayer/pgfcoreshad
e.code.tex
File: pgfcoreshade.code.tex 2020/01/08 v3.1.5b (3.1.5b)
\pgf@max=\dimen190
\pgf@sys@shading@range@num=\count293
\pgf@shadingcount=\count294
)
(/usr/local/texlive/2020basic/texmf-dist/tex/generic/pgf/basiclayer/pgfcoreimag
e.code.tex
File: pgfcoreimage.code.tex 2020/01/08 v3.1.5b (3.1.5b)

(/usr/local/texlive/2020basic/texmf-dist/tex/generic/pgf/basiclayer/pgfcoreexte
rnal.code.tex
File: pgfcoreexternal.code.tex 2020/01/08 v3.1.5b (3.1.5b)
\pgfexternal@startupbox=\box54
))
(/usr/local/texlive/2020basic/texmf-dist/tex/generic/pgf/basiclayer/pgfcorelaye
rs.code.tex
File: pgfcorelayers.code.tex 2020/01/08 v3.1.5b (3.1.5b)
)
(/usr/local/texlive/2020basic/texmf-dist/tex/generic/pgf/basiclayer/pgfcoretran
sparency.code.tex
File: pgfcoretransparency.code.tex 2020/01/08 v3.1.5b (3.1.5b)
)
(/usr/local/texlive/2020basic/texmf-dist/tex/generic/pgf/basiclayer/pgfcorepatt
erns.code.tex
File: pgfcorepatterns.code.tex 2020/01/08 v3.1.5b (3.1.5b)
)
(/usr/local/texlive/2020basic/texmf-dist/tex/generic/pgf/basiclayer/pgfcorerdf.
code.tex
File: pgfcorerdf.code.tex 2020/01/08 v3.1.5b (3.1.5b)
)))
(/usr/local/texlive/2020basic/texmf-dist/tex/latex/pgf/frontendlayer/tikz.sty
(/usr/local/texlive/2020basic/texmf-dist/tex/latex/pgf/basiclayer/pgf.sty
Package: pgf 2020/01/08 v3.1.5b (3.1.5b)

(/usr/local/texlive/2020basic/texmf-dist/tex/generic/pgf/modules/pgfmoduleshape
s.code.tex
File: pgfmoduleshapes.code.tex 2020/01/08 v3.1.5b (3.1.5b)
\pgfnodeparttextbox=\box55
)
(/usr/local/texlive/2020basic/texmf-dist/tex/generic/pgf/modules/pgfmoduleplot.
code.tex
File: pgfmoduleplot.code.tex 2020/01/08 v3.1.5b (3.1.5b)
)
(/usr/local/texlive/2020basic/texmf-dist/tex/latex/pgf/compatibility/pgfcomp-ve
rsion-0-65.sty
Package: pgfcomp-version-0-65 2020/01/08 v3.1.5b (3.1.5b)
\pgf@nodesepstart=\dimen191
\pgf@nodesepend=\dimen192
)
(/usr/local/texlive/2020basic/texmf-dist/tex/latex/pgf/compatibility/pgfcomp-ve
rsion-1-18.sty
Package: pgfcomp-version-1-18 2020/01/08 v3.1.5b (3.1.5b)
))
(/usr/local/texlive/2020basic/texmf-dist/tex/latex/pgf/utilities/pgffor.sty
(/usr/local/texlive/2020basic/texmf-dist/tex/latex/pgf/utilities/pgfkeys.sty
(/usr/local/texlive/2020basic/texmf-dist/tex/generic/pgf/utilities/pgfkeys.code
.tex)) (/usr/local/texlive/2020basic/texmf-dist/tex/latex/pgf/math/pgfmath.sty
(/usr/local/texlive/2020basic/texmf-dist/tex/generic/pgf/math/pgfmath.code.tex)
)
(/usr/local/texlive/2020basic/texmf-dist/tex/generic/pgf/utilities/pgffor.code.
tex
Package: pgffor 2020/01/08 v3.1.5b (3.1.5b)

(/usr/local/texlive/2020basic/texmf-dist/tex/generic/pgf/math/pgfmath.code.tex)
\pgffor@iter=\dimen193
\pgffor@skip=\dimen194
\pgffor@stack=\toks39
\pgffor@toks=\toks40
))
(/usr/local/texlive/2020basic/texmf-dist/tex/generic/pgf/frontendlayer/tikz/tik
z.code.tex
Package: tikz 2020/01/08 v3.1.5b (3.1.5b)

(/usr/local/texlive/2020basic/texmf-dist/tex/generic/pgf/libraries/pgflibrarypl
othandlers.code.tex
File: pgflibraryplothandlers.code.tex 2020/01/08 v3.1.5b (3.1.5b)
\pgf@plot@mark@count=\count295
\pgfplotmarksize=\dimen195
)
\tikz@lastx=\dimen196
\tikz@lasty=\dimen197
\tikz@lastxsaved=\dimen198
\tikz@lastysaved=\dimen199
Normal \dimen register pool exhausted, switching to extended pool.
\tikz@lastmovetox=\dimen256
\tikz@lastmovetoy=\dimen257
\tikzleveldistance=\dimen258
\tikzsiblingdistance=\dimen259
\tikz@figbox=\box56
\tikz@figbox@bg=\box57
\tikz@tempbox=\box58
\tikz@tempbox@bg=\box59
\tikztreelevel=\count296
\tikznumberofchildren=\count297
\tikznumberofcurrentchild=\count298
\tikz@fig@count=\count299

(/usr/local/texlive/2020basic/texmf-dist/tex/generic/pgf/modules/pgfmodulematri
x.code.tex
File: pgfmodulematrix.code.tex 2020/01/08 v3.1.5b (3.1.5b)
\pgfmatrixcurrentrow=\count300
\pgfmatrixcurrentcolumn=\count301
\pgf@matrix@numberofcolumns=\count302
)
\tikz@expandcount=\count303

(/usr/local/texlive/2020basic/texmf-dist/tex/generic/pgf/frontendlayer/tikz/lib
raries/tikzlibrarytopaths.code.tex
File: tikzlibrarytopaths.code.tex 2020/01/08 v3.1.5b (3.1.5b)
)))
(/usr/local/texlive/2020basic/texmf-dist/tex/generic/pgf/frontendlayer/tikz/lib
raries/tikzlibraryautomata.code.tex
File: tikzlibraryautomata.code.tex 2020/01/08 v3.1.5b (3.1.5b)

(/usr/local/texlive/2020basic/texmf-dist/tex/generic/pgf/frontendlayer/tikz/lib
raries/tikzlibraryshapes.multipart.code.tex
File: tikzlibraryshapes.multipart.code.tex 2020/01/08 v3.1.5b (3.1.5b)

(/usr/local/texlive/2020basic/texmf-dist/tex/generic/pgf/libraries/shapes/pgfli
braryshapes.multipart.code.tex
File: pgflibraryshapes.multipart.code.tex 2020/01/08 v3.1.5b (3.1.5b)
\pgfnodepartlowerbox=\box60
\pgfnodeparttwobox=\box61
\pgfnodepartthreebox=\box62
\pgfnodepartfourbox=\box63
\pgfnodeparttwentybox=\box64
\pgfnodepartnineteenbox=\box65
\pgfnodeparteighteenbox=\box66
\pgfnodepartseventeenbox=\box67
\pgfnodepartsixteenbox=\box68
\pgfnodepartfifteenbox=\box69
\pgfnodepartfourteenbox=\box70
\pgfnodepartthirteenbox=\box71
\pgfnodeparttwelvebox=\box72
\pgfnodepartelevenbox=\box73
\pgfnodeparttenbox=\box74
\pgfnodepartninebox=\box75
\pgfnodeparteightbox=\box76
\pgfnodepartsevenbox=\box77
\pgfnodepartsixbox=\box78
\pgfnodepartfivebox=\box79
)))
(/usr/local/texlive/2020basic/texmf-dist/tex/generic/pgf/frontendlayer/tikz/lib
raries/tikzlibrarypositioning.code.tex
File: tikzlibrarypositioning.code.tex 2020/01/08 v3.1.5b (3.1.5b)
)
(/usr/local/texlive/2020basic/texmf-dist/tex/generic/pgf/frontendlayer/tikz/lib
raries/tikzlibraryarrows.code.tex
File: tikzlibraryarrows.code.tex 2020/01/08 v3.1.5b (3.1.5b)

(/usr/local/texlive/2020basic/texmf-dist/tex/generic/pgf/libraries/pgflibraryar
rows.code.tex
File: pgflibraryarrows.code.tex 2020/01/08 v3.1.5b (3.1.5b)
\arrowsize=\dimen260
))
Package hyperref Info: Option `final' set `true' on input line 22.

(/usr/local/texlive/2020basic/texmf-dist/tex/latex/cryptocode/cryptocode.sty
Package: cryptocode 2020/07/10 v0.40 Cryptocode LaTeX package for typesetting p
seudocode, algorithms and protocols as well as cryptographic proofs.

(/usr/local/texlive/2020basic/texmf-dist/tex/latex/mathtools/mathtools.sty
Package: mathtools 2020/03/24 v1.24 mathematical typesetting tools

(/usr/local/texlive/2020basic/texmf-dist/tex/latex/tools/calc.sty
Package: calc 2017/05/25 v4.3 Infix arithmetic (KKT,FJ)
\calc@Acount=\count304
\calc@Bcount=\count305
\calc@Adimen=\dimen261
\calc@Bdimen=\dimen262
\calc@Askip=\skip56
\calc@Bskip=\skip57
LaTeX Info: Redefining \setlength on input line 80.
LaTeX Info: Redefining \addtolength on input line 81.
\calc@Ccount=\count306
\calc@Cskip=\skip58
)
(/usr/local/texlive/2020basic/texmf-dist/tex/latex/mathtools/mhsetup.sty
Package: mhsetup 2017/03/31 v1.3 programming setup (MH)
)
LaTeX Info: Thecontrolsequence`\('isalreadyrobust on input line 130.
LaTeX Info: Thecontrolsequence`\)'isalreadyrobust on input line 130.
LaTeX Info: Thecontrolsequence`\['isalreadyrobust on input line 130.
LaTeX Info: Thecontrolsequence`\]'isalreadyrobust on input line 130.
\g_MT_multlinerow_int=\count307
\l_MT_multwidth_dim=\dimen263
\origjot=\skip59
\l_MT_shortvdotswithinadjustabove_dim=\dimen264
\l_MT_shortvdotswithinadjustbelow_dim=\dimen265
\l_MT_above_intertext_sep=\dimen266
\l_MT_below_intertext_sep=\dimen267
\l_MT_above_shortintertext_sep=\dimen268
\l_MT_below_shortintertext_sep=\dimen269
\xmathstrut@box=\box80
\xmathstrut@dim=\dimen270
)
(/usr/local/texlive/2020basic/texmf-dist/tex/latex/oberdiek/centernot.sty
Package: centernot 2016/05/16 v1.4 Centers the not symbol horizontally (HO)
)
(/usr/local/texlive/2020basic/texmf-dist/tex/generic/pgf/frontendlayer/tikz/lib
raries/tikzlibrarycalc.code.tex
File: tikzlibrarycalc.code.tex 2020/01/08 v3.1.5b (3.1.5b)
)
(/usr/local/texlive/2020basic/texmf-dist/tex/latex/base/ifthen.sty
Package: ifthen 2014/09/29 v1.1c Standard LaTeX ifthen package (DPC)
)
(/usr/local/texlive/2020basic/texmf-dist/tex/latex/xargs/xargs.sty
Package: xargs 2008/03/22 v1.1  extended macro definitions  (mpg)

(/usr/local/texlive/2020basic/texmf-dist/tex/latex/xkeyval/xkeyval.sty
Package: xkeyval 2014/12/03 v2.7a package option processing (HA)

(/usr/local/texlive/2020basic/texmf-dist/tex/generic/xkeyval/xkeyval.tex
(/usr/local/texlive/2020basic/texmf-dist/tex/generic/xkeyval/xkvutils.tex
\XKV@toks=\toks41
\XKV@tempa@toks=\toks42
)
\XKV@depth=\count308
File: xkeyval.tex 2014/12/03 v2.7a key=value parser (HA)
))
\xargs@max=\count309
\xargs@toksa=\toks43
\xargs@toksb=\toks44
)
(/usr/local/texlive/2020basic/texmf-dist/tex/latex/forloop/forloop.sty
Package: forloop 2006/09/18 v3.0 For Loops for LaTeX
)
(/usr/local/texlive/2020basic/texmf-dist/tex/latex/tools/array.sty
Package: array 2019/08/31 v2.4l Tabular extension package (FMi)
\col@sep=\dimen271
\ar@mcellbox=\box81
\extrarowheight=\dimen272
\NC@list=\toks45
\extratabsurround=\skip60
\backup@length=\skip61
\ar@cellbox=\box82
)
(/usr/local/texlive/2020basic/texmf-dist/tex/latex/l3packages/xparse/xparse.sty
(/usr/local/texlive/2020basic/texmf-dist/tex/latex/l3kernel/expl3.sty
Package: expl3 2020-03-06 L3 programming layer (loader) 

(/usr/local/texlive/2020basic/texmf-dist/tex/latex/l3backend/l3backend-pdfmode.
def
File: l3backend-pdfmode.def 2020-03-12 L3 backend support: PDF mode
\l__kernel_color_stack_int=\count310
\l__pdf_internal_box=\box83
))
Package: xparse 2020-03-06 L3 Experimental document command parser
\l__xparse_current_arg_int=\count311
\g__xparse_grabber_int=\count312
\l__xparse_m_args_int=\count313
\l__xparse_v_nesting_int=\count314
) (/usr/local/texlive/2020basic/texmf-dist/tex/latex/pbox/pbox.sty
Package: pbox 2011/12/07 v1.2 Dynamic parboxes
\pb@xlen=\skip62
)
(/usr/local/texlive/2020basic/texmf-dist/tex/latex/varwidth/varwidth.sty
Package: varwidth 2009/03/30 ver 0.92;  Variable-width minipages
\@vwid@box=\box84
\sift@deathcycles=\count315
\@vwid@loff=\dimen273
\@vwid@roff=\dimen274
)
(/usr/local/texlive/2020basic/texmf-dist/tex/latex/bigfoot/suffix.sty
Package: suffix 2006/07/15 1.5a Variant command support
)
(/usr/local/texlive/2020basic/texmf-dist/tex/latex/etoolbox/etoolbox.sty
Package: etoolbox 2019/09/21 v2.5h e-TeX tools for LaTeX (JAW)
\etb@tempcnta=\count316
)
(/usr/local/texlive/2020basic/texmf-dist/tex/latex/environ/environ.sty
Package: environ 2014/05/04 v0.3 A new way to define environments

(/usr/local/texlive/2020basic/texmf-dist/tex/latex/trimspaces/trimspaces.sty
Package: trimspaces 2009/09/17 v1.1 Trim spaces around a token list
))
\pcaboveskip=\skip63
\pcbelowskip=\skip64
\pcbeforeskip=\skip65
\pcafterskip=\skip66
\c@@pc@global@pc@cnt=\count317
\c@@pc@global@pc@nestcnt=\count318
\c@@pc@stackdepth=\count319
\@pc@stackspace@len=\skip67
\pcbeforehstackskip=\skip68
\pcafterhstackskip=\skip69
\@pc@stackcontentbox=\box85
\@pc@minipage@length=\skip70
\@pc@alt@minipage@length=\skip71
\@pc@length@tmp@width@vstack=\skip72
\@pseudocodecodeminlineheight@len=\skip73
\@pcindentwidth=\skip74
\c@pclinenumber=\count320
\c@Hpclinenumber=\count321
\c@@pclinenumber=\count322
\c@H@pclinenumber=\count323
\c@@pclinenumbertmp=\count324
\c@pcgamecounter=\count325
\c@Hpcgamecounter=\count326
\c@pcrlinenumber=\count327
\c@Hpcrlinenumber=\count328
\c@@pcrlinenumbertmp=\count329
\pcheadlinesep=\skip75
\pcbodylinesep=\skip76
\@pseudocodeheadheight@len=\skip77
\pcheadheight=\skip78
\c@@pc@indentationlevel=\count330
\c@pccolumncounter=\count331
\c@@pcsubprogcnt1=\count332
\c@@pcrsubprogcnt1=\count333
\c@@pcsubprogcnt2=\count334
\c@@pcrsubprogcnt2=\count335
\c@@pcsubprogcnt3=\count336
\c@@pcrsubprogcnt3=\count337
\c@@pcsubprogcnt4=\count338
\c@@pcrsubprogcnt4=\count339
\c@@pcsubprogcnt5=\count340
\c@@pcrsubprogcnt5=\count341
\c@@pcsubprogcnt6=\count342
\c@@pcrsubprogcnt6=\count343
\c@@pcsubprogcnt7=\count344
\c@@pcrsubprogcnt7=\count345
\c@@pcsubprogcnt8=\count346
\c@@pcrsubprogcnt8=\count347
\c@@pcsubprogcnt9=\count348
\c@@pcrsubprogcnt9=\count349
\c@@pcsubprogstep=\count350
\pcmessagearrow=\skip79
\c@@pc@remember=\count351
\@bb@message@voffset=\skip80
\@bb@query@voffset=\skip81
\@bb@oraclequery@voffset=\skip82
\@bb@challengerquery@voffset=\skip83
\c@@bb@oracle@cnt=\count352
\c@@bb@oracle@nestcnt=\count353
\c@@bb@challenger@cnt=\count354
\c@@bb@challenger@nestcnt=\count355
\c@@bb@env@nestcnt=\count356
\@bb@com@tmpoffset=\skip84
\@bb@tmplength@b=\skip85
\c@pcstartgamecounter=\count357
)
\c@definition=\count358
\c@theorem=\count359
(./liquidity.aux)
\openout1 = `liquidity.aux'.

LaTeX Font Info:    Checking defaults for OML/cmm/m/it on input line 49.
LaTeX Font Info:    ... okay on input line 49.
LaTeX Font Info:    Checking defaults for OMS/cmsy/m/n on input line 49.
LaTeX Font Info:    ... okay on input line 49.
LaTeX Font Info:    Checking defaults for OT1/cmr/m/n on input line 49.
LaTeX Font Info:    ... okay on input line 49.
LaTeX Font Info:    Checking defaults for T1/cmr/m/n on input line 49.
LaTeX Font Info:    ... okay on input line 49.
LaTeX Font Info:    Checking defaults for TS1/cmr/m/n on input line 49.
LaTeX Font Info:    ... okay on input line 49.
LaTeX Font Info:    Checking defaults for OMX/cmex/m/n on input line 49.
LaTeX Font Info:    ... okay on input line 49.
LaTeX Font Info:    Checking defaults for U/cmr/m/n on input line 49.
LaTeX Font Info:    ... okay on input line 49.
LaTeX Font Info:    Checking defaults for PD1/pdf/m/n on input line 49.
LaTeX Font Info:    ... okay on input line 49.
\AtBeginShipoutBox=\box86
Package hyperref Info: Link coloring OFF on input line 49.

(/usr/local/texlive/2020basic/texmf-dist/tex/latex/hyperref/nameref.sty
Package: nameref 2019/09/16 v2.46 Cross-referencing by name of section

(/usr/local/texlive/2020basic/texmf-dist/tex/latex/refcount/refcount.sty
Package: refcount 2019/12/15 v3.6 Data extraction from label references (HO)
)
(/usr/local/texlive/2020basic/texmf-dist/tex/generic/gettitlestring/gettitlestr
ing.sty
Package: gettitlestring 2019/12/15 v1.6 Cleanup title references (HO)
)
\c@section@level=\count360
)
LaTeX Info: Redefining \ref on input line 49.
LaTeX Info: Redefining \pageref on input line 49.
LaTeX Info: Redefining \nameref on input line 49.
 (./liquidity.out) (./liquidity.out)
\@outlinefile=\write4
\openout4 = `liquidity.out'.

\c@lstlisting=\count361

(/usr/local/texlive/2020basic/texmf-dist/tex/context/base/mkii/supp-pdf.mkii
[Loading MPS to PDF converter (version 2006.09.02).]
\scratchcounter=\count362
\scratchdimen=\dimen275
\scratchbox=\box87
\nofMPsegments=\count363
\nofMParguments=\count364
\everyMPshowfont=\toks46
\MPscratchCnt=\count365
\MPscratchDim=\dimen276
\MPnumerator=\count366
\makeMPintoPDFobject=\count367
\everyMPtoPDFconversion=\toks47
)
(/usr/local/texlive/2020basic/texmf-dist/tex/latex/epstopdf-pkg/epstopdf-base.s
ty
Package: epstopdf-base 2020-01-24 v2.11 Base part for package epstopdf
Package epstopdf-base Info: Redefining graphics rule for `.eps' on input line 4
85.

(/usr/local/texlive/2020basic/texmf-dist/tex/latex/latexconfig/epstopdf-sys.cfg
File: epstopdf-sys.cfg 2010/07/13 v1.3 Configuration of (r)epstopdf for TeX Liv
e
)) ABD: EveryShipout initializing macros
LaTeX Font Info:    Trying to load font information for U+msa on input line 73.


(/usr/local/texlive/2020basic/texmf-dist/tex/latex/amsfonts/umsa.fd
File: umsa.fd 2013/01/14 v3.01 AMS symbols A
)
LaTeX Font Info:    Trying to load font information for U+msb on input line 73.


(/usr/local/texlive/2020basic/texmf-dist/tex/latex/amsfonts/umsb.fd
File: umsb.fd 2013/01/14 v3.01 AMS symbols B
) [1

{/usr/local/texlive/2020basic/texmf-var/fonts/map/pdftex/updmap/pdftex.map}]
(./liquidity.toc
Overfull \hbox (7.84819pt too wide) in paragraph at lines 34--34
 [] [][]\OT1/cmr/bx/n/12 Lightning Pool: A Chan-nel Liq-uid-ity Mar-ket-place a
s a Shadow 
 []

[2])
\tf@toc=\write5
\openout5 = `liquidity.toc'.

 [3] [4] [5] [6]
Underfull \hbox (badness 10000) in paragraph at lines 278--291

 []

[7]
Underfull \hbox (badness 10000) in paragraph at lines 296--312

 []


Underfull \hbox (badness 10000) in paragraph at lines 318--340

 []

[8] [9] [10] [11] [12]
Overfull \hbox (8.50488pt too wide) in paragraph at lines 547--563
\OT1/cmr/m/n/12 http://www.cramton.umd.edu/papers2010-2014/cramton-market-desig
n.pdf). 
 []

[13]
Underfull \hbox (badness 10000) in paragraph at lines 617--620

 []

[14] [15]

LaTeX Warning: Citation `autopilot' on page 16 undefined on input line 686.

[16]

LaTeX Warning: Citation `amp' on page 17 undefined on input line 715.

[17] [18] [19

] [20] [21] [22] [23] [24] [25]
Underfull \hbox (badness 10000) in paragraph at lines 1182--1183

 []


Underfull \hbox (badness 10000) in paragraph at lines 1188--1191

 []

[26]
Underfull \hbox (badness 10000) in paragraph at lines 1207--1210

 []


Underfull \hbox (badness 10000) in paragraph at lines 1211--1216

 []


Underfull \hbox (badness 10000) in paragraph at lines 1237--1242

 []

[27]
Underfull \hbox (badness 10000) in paragraph at lines 1243--1248

 []


Underfull \hbox (badness 10000) in paragraph at lines 1259--1262

 []


Underfull \hbox (badness 10000) in paragraph at lines 1263--1273

 []


Underfull \hbox (badness 10000) in paragraph at lines 1277--1285

 []


Overfull \hbox (30.3216pt too wide) in paragraph at lines 1290--1300
[]\OT1/cmtt/m/n/12 ClearMarket($\OT1/cmr/m/n/12 	[]\OML/cmm/m/it/12 ; \OT1/cmr/
m/n/12 ^^H[]\OML/cmm/m/it/12 ; \OMS/cmsy/m/n/12 f\OT1/cmr/m/n/12 	[]\OML/cmm/m/
it/12 ; [] ; \OT1/cmr/m/n/12 	[]\OMS/cmsy/m/n/12 g\OML/cmm/m/it/12 ; c[]$\OT1/c
mtt/m/n/12 ) $\OMS/cmsy/m/n/12 !$ $\OT1/cmr/m/n/12 (	[]\OML/cmm/m/it/12 ; \OMS/
cmsy/m/n/12 f\OT1/cmr/m/n/12 ^^@[]\OML/cmm/m/it/12 ; [] ; \OT1/cmr/m/n/12 ^^@[]
\OMS/cmsy/m/n/12 g\OML/cmm/m/it/12 ; \OMS/cmsy/m/n/12 f\OT1/cmr/m/n/12 	[]\OML/
cmm/m/it/12 ; [] ; \OT1/cmr/m/n/12 	[]\OMS/cmsy/m/n/12 g\OT1/cmr/m/n/12 )$.
 []

[28]
Underfull \hbox (badness 10000) in paragraph at lines 1316--1320

 []


Underfull \hbox (badness 10000) in paragraph at lines 1321--1325

 []

[29] [30] [31]
Overfull \hbox (48.66086pt too wide) in paragraph at lines 1487--1489
[][]\OT1/cmr/bx/n/12 Definition 6.2. []\OT1/cmr/m/n/12 (Lifted UTXO). A \OT1/cm
tt/m/n/12 Lifted UTXO \OT1/cmr/m/n/12 is a tu-ple, $\OML/cmm/m/it/12 ^^^[] \OT1
/cmr/m/n/12 = (\OML/cmm/m/it/12 A[]; T[]; P[]; P[]\OT1/cmr/m/n/12 )$,
 []


Overfull \hbox (6.85005pt too wide) in paragraph at lines 1495--1498
\OT1/cmr/m/n/12 able to uni-lat-er-ally move the funds back to the "base" Bit-c
oin blockchain. 
 []

[32]
Underfull \hbox (badness 10000) in paragraph at lines 1575--1576

 []

[33]
Underfull \hbox (badness 10000) in paragraph at lines 1581--1584

 []


Underfull \hbox (badness 10000) in paragraph at lines 1598--1602

 []


Underfull \hbox (badness 10000) in paragraph at lines 1603--1610

 []


Underfull \hbox (badness 10000) in paragraph at lines 1611--1616

 []


Underfull \hbox (badness 10000) in paragraph at lines 1630--1634

 []

[34]
Overfull \hbox (5.78873pt too wide) in paragraph at lines 1650--1657
[]$\OML/cmm/m/it/12 B[] \OT1/cmr/m/n/12 = (\OML/cmm/m/it/12 T[]; \OMS/cmsy/m/n/
12 f\OML/cmm/m/it/12 ^^^[]; []  ; ^^^[]\OMS/cmsy/m/n/12 g\OML/cmm/m/it/12 ; \OT
1/cmr/m/n/12 ^^A[]\OML/cmm/m/it/12 ; \OMS/cmsy/m/n/12 f\OML/cmm/m/it/12 ^^^[]; 
[]  ; ^^^[]\OMS/cmsy/m/n/12 g\OML/cmm/m/it/12 ; U[]\OT1/cmr/m/n/12 )$, is the S
had-owchain
 []


Underfull \hbox (badness 10000) in paragraph at lines 1659--1665

 []


Underfull \hbox (badness 10000) in paragraph at lines 1678--1681

 []

[35]
Underfull \hbox (badness 10000) in paragraph at lines 1695--1699

 []


Underfull \hbox (badness 10000) in paragraph at lines 1700--1706

 []


Underfull \hbox (badness 10000) in paragraph at lines 1725--1730

 []

[36] [37] [38]
Overfull \hbox (3.36722pt too wide) in paragraph at lines 1840--1848
\OT1/cmr/m/n/12 In this sec-tion, we build upon the prior sec-tions out-lin-ing
 the ab-stract \OT1/cmtt/m/n/12 Channel
 []


Underfull \hbox (badness 10000) in paragraph at lines 1857--1863

 []


Underfull \hbox (badness 10000) in paragraph at lines 1864--1870

 []

[39]
Underfull \hbox (badness 10000) in paragraph at lines 1872--1873

 []


Underfull \hbox (badness 10000) in paragraph at lines 1903--1910

 []

[40]
Underfull \hbox (badness 10000) in paragraph at lines 1926--1933

 []

[41]
Underfull \hbox (badness 10000) in paragraph at lines 2003--2009

 []

[42] [43]
Underfull \hbox (badness 10000) in paragraph at lines 2062--2065

 []


Underfull \hbox (badness 10000) in paragraph at lines 2088--2094

 []

[44] [45] [46]
Underfull \hbox (badness 10000) in paragraph at lines 2213--2224

 []


Overfull \hbox (25.82823pt too wide) in paragraph at lines 2253--2253
 [] 
 []

[47]
No file liquidity.bbl.
[48] [49]
Package atveryend Info: Empty hook `BeforeClearDocument' on input line 2333.
Package atveryend Info: Empty hook `AfterLastShipout' on input line 2333.
 (./liquidity.aux)
Package atveryend Info: Executing hook `AtVeryEndDocument' on input line 2333.
Package atveryend Info: Executing hook `AtEndAfterFileList' on input line 2333.

Package rerunfilecheck Info: File `liquidity.out' has not changed.
(rerunfilecheck)             Checksum: 6E99436BEC75710E6141B3EABBA771C6;4030.


LaTeX Warning: There were undefined references.

Package atveryend Info: Empty hook `AtVeryVeryEnd' on input line 2333.
 ) 
Here is how much of TeX's memory you used:
 22832 strings out of 482056
 436087 string characters out of 5937674
 1208295 words of memory out of 5000000
 37770 multiletter control sequences out of 15000+600000
 546404 words of font info for 79 fonts, out of 8000000 for 9000
 319 hyphenation exceptions out of 8191
 69i,21n,68p,915b,1764s stack positions out of 5000i,500n,10000p,200000b,80000s
 </Users/roasbeef/Library/texlive/2020basic/texmf-var/fonts/pk/ljfour/jknappe
n/ec/tcrm1200.600pk></usr/local/texlive/2020basic/texmf-dist/fonts/type1/public
/amsfonts/cm/cmbx10.pfb></usr/local/texlive/2020basic/texmf-dist/fonts/type1/pu
blic/amsfonts/cm/cmbx12.pfb></usr/local/texlive/2020basic/texmf-dist/fonts/type
1/public/amsfonts/cm/cmbx8.pfb></usr/local/texlive/2020basic/texmf-dist/fonts/t
ype1/public/amsfonts/cm/cmmi10.pfb></usr/local/texlive/2020basic/texmf-dist/fon
ts/type1/public/amsfonts/cm/cmmi12.pfb></usr/local/texlive/2020basic/texmf-dist
/fonts/type1/public/amsfonts/cm/cmmi6.pfb></usr/local/texlive/2020basic/texmf-d
ist/fonts/type1/public/amsfonts/cm/cmmi8.pfb></usr/local/texlive/2020basic/texm
f-dist/fonts/type1/public/amsfonts/cm/cmr10.pfb></usr/local/texlive/2020basic/t
exmf-dist/fonts/type1/public/amsfonts/cm/cmr12.pfb></usr/local/texlive/2020basi
c/texmf-dist/fonts/type1/public/amsfonts/cm/cmr17.pfb></usr/local/texlive/2020b
asic/texmf-dist/fonts/type1/public/amsfonts/cm/cmr6.pfb></usr/local/texlive/202
0basic/texmf-dist/fonts/type1/public/amsfonts/cm/cmr8.pfb></usr/local/texlive/2
020basic/texmf-dist/fonts/type1/public/amsfonts/cm/cmsy10.pfb></usr/local/texli
ve/2020basic/texmf-dist/fonts/type1/public/amsfonts/cm/cmsy8.pfb></usr/local/te
xlive/2020basic/texmf-dist/fonts/type1/public/amsfonts/cm/cmti10.pfb></usr/loca
l/texlive/2020basic/texmf-dist/fonts/type1/public/amsfonts/cm/cmti12.pfb></usr/
local/texlive/2020basic/texmf-dist/fonts/type1/public/amsfonts/cm/cmtt10.pfb></
usr/local/texlive/2020basic/texmf-dist/fonts/type1/public/amsfonts/cm/cmtt12.pf
b></usr/local/texlive/2020basic/texmf-dist/fonts/type1/public/amsfonts/symbols/
msbm10.pfb>
Output written on liquidity.pdf (49 pages, 370679 bytes).
PDF statistics:
 825 PDF objects out of 1000 (max. 8388607)
 746 compressed objects within 8 object streams
 296 named destinations out of 1000 (max. 500000)
 429 words of extra memory for PDF output out of 10000 (max. 10000000)

