\BOOKMARK [1][-]{section.1}{Introduction}{}% 1
\BOOKMARK [2][-]{subsection.1.1}{Our Contributions}{section.1}% 2
\BOOKMARK [1][-]{section.2}{Preliminaries}{}% 3
\BOOKMARK [1][-]{section.3}{Background}{}% 4
\BOOKMARK [2][-]{subsection.3.1}{Payment Channels \046 the Lightning Network}{section.3}% 5
\BOOKMARK [2][-]{subsection.3.2}{Boostrapping Problems in the Lightning Network}{section.3}% 6
\BOOKMARK [2][-]{subsection.3.3}{New Routing Node Boostrapping}{section.3}% 7
\BOOKMARK [2][-]{subsection.3.4}{New Service Boostrapping}{section.3}% 8
\BOOKMARK [2][-]{subsection.3.5}{End User Boostrapping}{section.3}% 9
\BOOKMARK [2][-]{subsection.3.6}{Market Design \046 Auction Theory}{section.3}% 10
\BOOKMARK [2][-]{subsection.3.7}{Money Markets \046 Capital Leases}{section.3}% 11
\BOOKMARK [1][-]{section.4}{Bootstrapping Problems as Solved by CLM}{}% 12
\BOOKMARK [2][-]{subsection.4.1}{Bootstrapping New Users via Sidecar Channels}{section.4}% 13
\BOOKMARK [2][-]{subsection.4.2}{Demand Fueled Routing Node Channel Selection}{section.4}% 14
\BOOKMARK [2][-]{subsection.4.3}{Bootstrapping New Services to Lightning}{section.4}% 15
\BOOKMARK [2][-]{subsection.4.4}{Cross-Chain Market Maker Liquidity Sourcing}{section.4}% 16
\BOOKMARK [2][-]{subsection.4.5}{Instant Lightning Wallet User On Boarding}{section.4}% 17
\BOOKMARK [2][-]{subsection.4.6}{Variance Reduction in Routing Node Revenue}{section.4}% 18
\BOOKMARK [1][-]{section.5}{The Channel Lease Marketplace}{}% 19
\BOOKMARK [2][-]{subsection.5.1}{High-Level Description}{section.5}% 20
\BOOKMARK [2][-]{subsection.5.2}{Lightning Channel Leases}{section.5}% 21
\BOOKMARK [2][-]{subsection.5.3}{Non-Custodial Auction Accounts}{section.5}% 22
\BOOKMARK [2][-]{subsection.5.4}{Order Structure \046 Verification}{section.5}% 23
\BOOKMARK [2][-]{subsection.5.5}{Auction Design}{section.5}% 24
\BOOKMARK [3][-]{subsubsection.5.5.1}{Auction Specification}{subsection.5.5}% 25
\BOOKMARK [1][-]{section.6}{The Shadowchain: A Bitcoin Overlay Application Framework}{}% 26
\BOOKMARK [2][-]{subsection.6.1}{High-Level Description}{section.6}% 27
\BOOKMARK [2][-]{subsection.6.2}{Comparison To Related Frameworks}{section.6}% 28
\BOOKMARK [2][-]{subsection.6.3}{The Shadowchain Framework}{section.6}% 29
\BOOKMARK [3][-]{subsubsection.6.3.1}{Shadowchain Orchestrator}{subsection.6.3}% 30
\BOOKMARK [3][-]{subsubsection.6.3.2}{Lifted UTXOs}{subsection.6.3}% 31
\BOOKMARK [3][-]{subsubsection.6.3.3}{The Shadowchain}{subsection.6.3}% 32
\BOOKMARK [3][-]{subsubsection.6.3.4}{Shadowchain Operation}{subsection.6.3}% 33
\BOOKMARK [1][-]{section.7}{Lightning Pool: A Channel Liquidity Marketplace as a Shadow Chain}{}% 34
\BOOKMARK [2][-]{subsection.7.1}{Instantiating a CLM}{section.7}% 35
\BOOKMARK [3][-]{subsubsection.7.1.1}{System Initialization}{subsection.7.1}% 36
\BOOKMARK [3][-]{subsubsection.7.1.2}{Lightning Pool Accounts}{subsection.7.1}% 37
\BOOKMARK [3][-]{subsubsection.7.1.3}{Channel Leases in the Lightning Network}{subsection.7.1}% 38
\BOOKMARK [3][-]{subsubsection.7.1.4}{Order Structure}{subsection.7.1}% 39
\BOOKMARK [3][-]{subsubsection.7.1.5}{Node Rating Agencies}{subsection.7.1}% 40
\BOOKMARK [3][-]{subsubsection.7.1.6}{Uniform Price Market Clearing \046 Matching}{subsection.7.1}% 41
\BOOKMARK [3][-]{subsubsection.7.1.7}{The Batch Execution Transaction}{subsection.7.1}% 42
\BOOKMARK [2][-]{subsection.7.2}{The Lightning Pool Shadowchain}{section.7}% 43
\BOOKMARK [3][-]{subsubsection.7.2.1}{Lightning Pool Accounts as Lifted UTXOs}{subsection.7.2}% 44
\BOOKMARK [3][-]{subsubsection.7.2.2}{Auction Batch Proposal}{subsection.7.2}% 45
\BOOKMARK [3][-]{subsubsection.7.2.3}{Shadowchain Batch Execution}{subsection.7.2}% 46
\BOOKMARK [3][-]{subsubsection.7.2.4}{Unconfirmed Batch Cut-Through}{subsection.7.2}% 47
\BOOKMARK [3][-]{subsubsection.7.2.5}{Auction Upgrades}{subsection.7.2}% 48
\BOOKMARK [1][-]{section.8}{Security Analysis}{}% 49
\BOOKMARK [1][-]{section.9}{Future Directions}{}% 50
\BOOKMARK [1][-]{section.10}{Related Work}{}% 51
\BOOKMARK [1][-]{section.11}{Conclusion}{}% 52
\BOOKMARK [1][-]{section.12}{Acknowledgments}{}% 53
